<?xml version="1.0" encoding="UTF-8"?>
<robot generator="Robot 3.2.2 (Python 3.11.1 on win32)" generated="20221222 21:26:11.641" rpa="false">
<suite id="s1" name="RobotFrameworkPractice" source="C:\Users\Paras\Desktop\SleepNumber\Practice\RobotFrameworkPractice">
<suite id="s1-s1" name="Test" source="C:\Users\Paras\Desktop\SleepNumber\Practice\RobotFrameworkPractice\Test">
<suite id="s1-s1-s1" name="Practice" source="C:\Users\Paras\Desktop\SleepNumber\Practice\RobotFrameworkPractice\Test\practice.robot">
<test id="s1-s1-s1-t1" name="FirstTest">
<kw name="Log" library="BuiltIn">
<doc>Logs the given message with the given level.</doc>
<arguments>
<arg>Hello</arg>
</arguments>
<msg timestamp="20221222 21:26:12.276" level="INFO">Hello</msg>
<status status="PASS" starttime="20221222 21:26:12.275" endtime="20221222 21:26:12.277"></status>
</kw>
<kw name="Open Browser" library="SeleniumLibrary">
<doc>Opens a new browser instance to the optional ``url``.</doc>
<arguments>
<arg>https://trytestingthis.netlify.app/</arg>
<arg>chrome</arg>
</arguments>
<msg timestamp="20221222 21:26:12.278" level="INFO">Opening browser 'chrome' to base url 'https://trytestingthis.netlify.app/'.</msg>
<status status="PASS" starttime="20221222 21:26:12.278" endtime="20221222 21:26:22.627"></status>
</kw>
<status status="PASS" starttime="20221222 21:26:12.273" endtime="20221222 21:26:22.628" critical="yes"></status>
</test>
<status status="PASS" starttime="20221222 21:26:11.787" endtime="20221222 21:26:22.630"></status>
</suite>
<status status="PASS" starttime="20221222 21:26:11.781" endtime="20221222 21:26:22.635"></status>
</suite>
<status status="PASS" starttime="20221222 21:26:11.757" endtime="20221222 21:26:22.638"></status>
</suite>
<statistics>
<total>
<stat pass="1" fail="0">Critical Tests</stat>
<stat pass="1" fail="0">All Tests</stat>
</total>
<tag>
</tag>
<suite>
<stat pass="1" fail="0" id="s1" name="RobotFrameworkPractice">RobotFrameworkPractice</stat>
<stat pass="1" fail="0" id="s1-s1" name="Test">RobotFrameworkPractice.Test</stat>
<stat pass="1" fail="0" id="s1-s1-s1" name="Practice">RobotFrameworkPractice.Test.Practice</stat>
</suite>
</statistics>
<errors>
</errors>
</robot>
