<?xml version="1.0" encoding="UTF-8"?>
<robot generator="Robot 3.2.2 (Python 3.11.1 on win32)" generated="20221223 03:46:20.650" rpa="false">
<suite id="s1" name="RobotFrameworkPractice" source="C:\Users\Paras\Desktop\SleepNumber\Practice\RobotFrameworkPractice">
<suite id="s1-s1" name="Test" source="C:\Users\Paras\Desktop\SleepNumber\Practice\RobotFrameworkPractice\Test">
<suite id="s1-s1-s1" name="Practice" source="C:\Users\Paras\Desktop\SleepNumber\Practice\RobotFrameworkPractice\Test\practice.robot">
<test id="s1-s1-s1-t1" name="First Test">
<kw name="Get Today Date">
<assign>
<var>${todayDate}</var>
</assign>
<kw name="Get Current Date" library="DateTime">
<doc>Returns current local or UTC time with an optional increment.</doc>
<assign>
<var>${currentDate}</var>
</assign>
<msg timestamp="20221223 03:46:21.508" level="INFO">${currentDate} = 2022-12-23 03:46:21.508</msg>
<status status="PASS" starttime="20221223 03:46:21.507" endtime="20221223 03:46:21.508"></status>
</kw>
<msg timestamp="20221223 03:46:21.509" level="INFO">${todayDate} = 2022-12-23 03:46:21.508</msg>
<status status="PASS" starttime="20221223 03:46:21.507" endtime="20221223 03:46:21.509"></status>
</kw>
<kw name="Subtract Time From Date" library="DateTime">
<doc>Subtracts time from date and returns the resulting date.</doc>
<arguments>
<arg>${todayDate}</arg>
<arg>5 days</arg>
</arguments>
<assign>
<var>${earlyDate}</var>
</assign>
<msg timestamp="20221223 03:46:21.517" level="INFO">${earlyDate} = 2022-12-18 03:46:21.508</msg>
<status status="PASS" starttime="20221223 03:46:21.509" endtime="20221223 03:46:21.517"></status>
</kw>
<kw name="Log" library="BuiltIn">
<doc>Logs the given message with the given level.</doc>
<arguments>
<arg>${earlyDate}</arg>
</arguments>
<msg timestamp="20221223 03:46:21.518" level="INFO">2022-12-18 03:46:21.508</msg>
<status status="PASS" starttime="20221223 03:46:21.518" endtime="20221223 03:46:21.518"></status>
</kw>
<status status="PASS" starttime="20221223 03:46:21.505" endtime="20221223 03:46:21.519" critical="yes"></status>
</test>
<status status="PASS" starttime="20221223 03:46:20.809" endtime="20221223 03:46:21.521"></status>
</suite>
<status status="PASS" starttime="20221223 03:46:20.803" endtime="20221223 03:46:21.524"></status>
</suite>
<status status="PASS" starttime="20221223 03:46:20.757" endtime="20221223 03:46:21.526"></status>
</suite>
<statistics>
<total>
<stat pass="1" fail="0">Critical Tests</stat>
<stat pass="1" fail="0">All Tests</stat>
</total>
<tag>
</tag>
<suite>
<stat pass="1" fail="0" id="s1" name="RobotFrameworkPractice">RobotFrameworkPractice</stat>
<stat pass="1" fail="0" id="s1-s1" name="Test">RobotFrameworkPractice.Test</stat>
<stat pass="1" fail="0" id="s1-s1-s1" name="Practice">RobotFrameworkPractice.Test.Practice</stat>
</suite>
</statistics>
<errors>
</errors>
</robot>
